<?xml version="1.0" encoding="UTF-8"?>
<testsuite name="rewards.internal.RewardNetworkImplTests" tests="1" skipped="1" failures="0" errors="0" timestamp="2023-02-28T16:43:57" hostname="dforeroVKD43.vmware.com" time="0.001">
  <properties/>
  <testcase name="testRewardForDining()" classname="rewards.internal.RewardNetworkImplTests" time="0.001">
    <skipped/>
  </testcase>
  <system-out><![CDATA[]]></system-out>
  <system-err><![CDATA[]]></system-err>
</testsuite>
